<?xml version="1.0" encoding="UTF-8"?>
<!-- Generated by org.testng.reporters.JUnitReportReporter -->
<testsuite hostname="DESKTOP-G57CLC5" failures="0" tests="4" name="AutomationTestStore.MyTestCasses" time="38.395" errors="0" timestamp="2025-07-17T02:17:46 AST" skipped="0">
  <testcase classname="AutomationTestStore.MyTestCasses" name="FirstTist" time="7.959"/>
  <testcase classname="AutomationTestStore.MyTestCasses" name="logOut" time="9.540"/>
  <testcase classname="AutomationTestStore.MyTestCasses" name="logIn" time="1.528"/>
  <testcase classname="AutomationTestStore.MyTestCasses" name="cart" time="19.368"/>
</testsuite> <!-- AutomationTestStore.MyTestCasses -->
